<?xml version="1.0" encoding="UTF-8"?>
<!-- Generated by org.testng.reporters.JUnitReportReporter -->
<testsuite hostname="Nagesh-24731" failures="0" tests="2" name="testcases.BillingAddress" time="7.189" errors="0" timestamp="2021-10-25T12:14:08 IST" skipped="0">
  <testcase classname="testcases.BillingAddress" name="checkout" time="5.723"/>
  <system-out/>
  <testcase classname="testcases.BillingAddress" name="BillingAddressdropdown" time="1.466"/>
  <system-out/>
</testsuite> <!-- testcases.BillingAddress -->
