<?xml version="1.0" encoding="UTF-8"?>
<!-- Generated by org.testng.reporters.JUnitReportReporter -->
<testsuite hostname="Nagesh-24731" failures="0" tests="2" name="testcases.LoginPage" time="25.110" errors="0" timestamp="2021-10-25T12:14:08 IST" skipped="0">
  <testcase classname="testcases.LoginPage" name="ClickLoginLink" time="2.899"/>
  <system-out/>
  <testcase classname="testcases.LoginPage" name="EnterValidCredentials" time="22.211"/>
  <system-out/>
</testsuite> <!-- testcases.LoginPage -->
