<?xml version="1.0" encoding="UTF-8"?>
<!-- Generated by org.testng.reporters.JUnitReportReporter -->
<testsuite hostname="Nagesh-24731" failures="0" tests="7" name="testcases.Checkout" time="0.878" errors="0" timestamp="2021-10-25T12:14:08 IST" skipped="0">
  <testcase classname="testcases.Checkout" name="excelR" time="0.820"/>
  <system-out/>
  <testcase classname="testcases.Checkout" name="BillingAddress" time="0.050"/>
  <system-out/>
  <testcase classname="testcases.Checkout" name="ShippingAddress" time="0.001"/>
  <system-out/>
  <testcase classname="testcases.Checkout" name="ShippingMethod" time="0.004"/>
  <system-out/>
  <testcase classname="testcases.Checkout" name="PaymentMethod" time="0.001"/>
  <system-out/>
  <testcase classname="testcases.Checkout" name="PaymentInfomation" time="0.001"/>
  <system-out/>
  <testcase classname="testcases.Checkout" name="ConfirmOrder" time="0.001"/>
  <system-out/>
</testsuite> <!-- testcases.Checkout -->
