<?xml version="1.0" encoding="UTF-8"?>
<!-- Generated by org.testng.reporters.JUnitReportReporter -->
<testsuite hostname="Nagesh-24731" failures="0" tests="1" name="testcases.PaymentMethod1" time="0.547" errors="0" timestamp="2021-10-25T12:14:08 IST" skipped="0">
  <testcase classname="testcases.PaymentMethod1" name="payment" time="0.547"/>
  <system-out/>
</testsuite> <!-- testcases.PaymentMethod1 -->
