<?xml version="1.0" encoding="UTF-8"?>
<!-- Generated by org.testng.reporters.JUnitReportReporter -->
<testsuite hostname="Nagesh-24731" failures="0" tests="2" name="testcases.GoToCart" time="3.324" errors="0" timestamp="2021-10-25T12:14:08 IST" skipped="0">
  <testcase classname="testcases.GoToCart" name="addtocart" time="2.241"/>
  <system-out/>
  <testcase classname="testcases.GoToCart" name="clickgotocart" time="1.083"/>
  <system-out/>
</testsuite> <!-- testcases.GoToCart -->
