<?xml version="1.0" encoding="UTF-8"?>
<!-- Generated by org.testng.reporters.JUnitReportReporter -->
<testsuite hostname="Nagesh-24731" failures="0" tests="1" name="testcases.ShippingMethod1" time="0.532" errors="0" timestamp="2021-10-25T12:14:08 IST" skipped="0">
  <testcase classname="testcases.ShippingMethod1" name="next" time="0.532"/>
  <system-out/>
</testsuite> <!-- testcases.ShippingMethod1 -->
